  [1m[36mActsAsVotable::Vote Exists (0.1ms)[0m  [1mSELECT  1 AS one FROM "votes" LIMIT 1[0m
  [1m[35mAdminUser Exists (0.1ms)[0m  SELECT  1 AS one FROM "admin_users" LIMIT 1
  [1m[36mCourse Exists (0.1ms)[0m  [1mSELECT  1 AS one FROM "courses" LIMIT 1[0m
  [1m[35mUser Exists (0.1ms)[0m  SELECT  1 AS one FROM "users" LIMIT 1
  [1m[36mLecture Exists (0.1ms)[0m  [1mSELECT  1 AS one FROM "lectures" LIMIT 1[0m
  [1m[35mActiveAdmin::Comment Exists (0.1ms)[0m  SELECT  1 AS one FROM "active_admin_comments" LIMIT 1
  [1m[36mCkeditor::Asset Exists (0.1ms)[0m  [1mSELECT  1 AS one FROM "ckeditor_assets" LIMIT 1[0m
  [1m[35mComment Exists (0.1ms)[0m  SELECT  1 AS one FROM "comments" LIMIT 1
  [1m[36mCkeditor::AttachmentFile Exists (0.1ms)[0m  [1mSELECT  1 AS one FROM "ckeditor_assets" WHERE "ckeditor_assets"."type" IN ('Ckeditor::AttachmentFile') LIMIT 1[0m
  [1m[35mCkeditor::Picture Exists (0.1ms)[0m  SELECT  1 AS one FROM "ckeditor_assets" WHERE "ckeditor_assets"."type" IN ('Ckeditor::Picture') LIMIT 1
  [1m[36m (0.1ms)[0m  [1mSELECT COUNT(*) FROM "votes"[0m
  [1m[35m (0.2ms)[0m  SELECT COUNT(*) FROM "votes"
  [1m[36mActsAsVotable::Vote Load (0.2ms)[0m  [1mSELECT  "votes".* FROM "votes" LIMIT 4 OFFSET 0[0m
  [1m[35m (0.2ms)[0m  SELECT COUNT(*) FROM "admin_users"
  [1m[36m (0.1ms)[0m  [1mSELECT COUNT(*) FROM "admin_users"[0m
  [1m[35mAdminUser Load (0.2ms)[0m  SELECT  "admin_users".* FROM "admin_users" LIMIT 1 OFFSET 0
  [1m[36m (0.2ms)[0m  [1mSELECT COUNT(*) FROM "courses"[0m
  [1m[35m (0.1ms)[0m  SELECT COUNT(*) FROM "courses"
  [1m[36mCourse Load (0.2ms)[0m  [1mSELECT  "courses".* FROM "courses" LIMIT 4 OFFSET 0[0m
  [1m[35m (0.2ms)[0m  SELECT COUNT(*) FROM "users"
  [1m[36m (0.1ms)[0m  [1mSELECT COUNT(*) FROM "users"[0m
  [1m[35mUser Load (0.2ms)[0m  SELECT  "users".* FROM "users" LIMIT 2 OFFSET 0
  [1m[36m (0.2ms)[0m  [1mSELECT COUNT(*) FROM "lectures"[0m
  [1m[35m (0.1ms)[0m  SELECT COUNT(*) FROM "lectures"
  [1m[36mLecture Load (0.2ms)[0m  [1mSELECT  "lectures".* FROM "lectures" LIMIT 4 OFFSET 0[0m
  [1m[35m (0.2ms)[0m  SELECT COUNT(*) FROM "comments"
  [1m[36m (0.1ms)[0m  [1mSELECT COUNT(*) FROM "comments"[0m
  [1m[35mComment Load (0.2ms)[0m  SELECT  "comments".* FROM "comments" LIMIT 1 OFFSET 0


Started GET "/" for 127.0.0.1 at 2017-05-15 21:45:46 +0200
Processing by HomesController#index as HTML
  [1m[36mUser Load (0.2ms)[0m  [1mSELECT  "users".* FROM "users" WHERE "users"."id" = ?  ORDER BY "users"."id" ASC LIMIT 1[0m  [["id", 2]]
  [1m[35mCourse Load (0.2ms)[0m  SELECT  "courses".* FROM "courses" LIMIT 4
  [1m[36mUser Load (0.2ms)[0m  [1mSELECT  "users".* FROM "users" WHERE "users"."id" = ? LIMIT 1[0m  [["id", 1]]
  [1m[35mCACHE (0.0ms)[0m  SELECT  "users".* FROM "users" WHERE "users"."id" = ? LIMIT 1  [["id", 1]]
  [1m[36mCACHE (0.0ms)[0m  [1mSELECT  "users".* FROM "users" WHERE "users"."id" = ? LIMIT 1[0m  [["id", 1]]
  Rendered homes/index.html.erb within layouts/application (17.6ms)
Completed 200 OK in 497ms (Views: 490.8ms | ActiveRecord: 1.4ms)


Started GET "/courses" for 127.0.0.1 at 2017-05-15 21:45:50 +0200
Processing by CoursesController#index as HTML
  [1m[35mCourse Load (0.2ms)[0m  SELECT  "courses".* FROM "courses" LIMIT 8 OFFSET 0
  [1m[36mUser Load (0.1ms)[0m  [1mSELECT  "users".* FROM "users" WHERE "users"."id" = ? LIMIT 1[0m  [["id", 1]]
  [1m[35mCACHE (0.0ms)[0m  SELECT  "users".* FROM "users" WHERE "users"."id" = ? LIMIT 1  [["id", 1]]
  [1m[36mCACHE (0.0ms)[0m  [1mSELECT  "users".* FROM "users" WHERE "users"."id" = ? LIMIT 1[0m  [["id", 1]]
  [1m[35mCACHE (0.0ms)[0m  SELECT  "users".* FROM "users" WHERE "users"."id" = ? LIMIT 1  [["id", 1]]
  Rendered courses/index.html.erb within layouts/application (6.2ms)
  [1m[36mUser Load (0.1ms)[0m  [1mSELECT  "users".* FROM "users" WHERE "users"."id" = ?  ORDER BY "users"."id" ASC LIMIT 1[0m  [["id", 2]]
Completed 200 OK in 378ms (Views: 376.0ms | ActiveRecord: 0.4ms)


Started GET "/courses/4" for 127.0.0.1 at 2017-05-15 21:45:53 +0200
Processing by CoursesController#show as HTML
  Parameters: {"id"=>"4"}
  [1m[35mCourse Load (0.3ms)[0m  SELECT  "courses".* FROM "courses" WHERE "courses"."id" = ? LIMIT 1  [["id", 4]]
  [1m[36mUser Load (0.1ms)[0m  [1mSELECT  "users".* FROM "users" WHERE "users"."id" = ?  ORDER BY "users"."id" ASC LIMIT 1[0m  [["id", 2]]
  [1m[35mLecture Load (0.3ms)[0m  SELECT "lectures".* FROM "lectures" WHERE "lectures"."course_id" = ?  [["course_id", 4]]
  [1m[36m (0.2ms)[0m  [1mSELECT COUNT(*) FROM "votes" WHERE "votes"."votable_id" = ? AND "votes"."votable_type" = ? AND "votes"."vote_flag" = ? AND "votes"."vote_scope" IS NULL[0m  [["votable_id", 4], ["votable_type", "Lecture"], ["vote_flag", "t"]]
  [1m[35m (0.1ms)[0m  SELECT COUNT(*) FROM "votes" WHERE "votes"."votable_id" = ? AND "votes"."votable_type" = ? AND "votes"."vote_flag" = ? AND "votes"."vote_scope" IS NULL  [["votable_id", 4], ["votable_type", "Lecture"], ["vote_flag", "f"]]
  [1m[36m (0.1ms)[0m  [1mSELECT COUNT(*) FROM "comments" WHERE "comments"."lecture_id" = ?[0m  [["lecture_id", 4]]
  Rendered courses/show.html.erb within layouts/application (26.7ms)
Completed 200 OK in 435ms (Views: 430.1ms | ActiveRecord: 1.9ms)


Started DELETE "/users/sign_out" for 127.0.0.1 at 2017-05-15 21:50:26 +0200
Processing by Devise::SessionsController#destroy as HTML
  Parameters: {"authenticity_token"=>"98HynWDXTvk5HmuVMGTBGmnRz3o1yyh1ChFLv7eXZISAjUZToCMman9l9V7sTM6231vYOmjzV8H3c6NBvXS0QQ=="}
  [1m[35mUser Load (0.1ms)[0m  SELECT  "users".* FROM "users" WHERE "users"."id" = ?  ORDER BY "users"."id" ASC LIMIT 1  [["id", 2]]
  [1m[36m (0.2ms)[0m  [1mbegin transaction[0m
  [1m[35m (0.1ms)[0m  commit transaction
Redirected to http://localhost:3000/
Completed 302 Found in 8ms (ActiveRecord: 0.3ms)


Started GET "/" for 127.0.0.1 at 2017-05-15 21:50:26 +0200
Processing by HomesController#index as HTML
  [1m[36mCourse Load (0.2ms)[0m  [1mSELECT  "courses".* FROM "courses" LIMIT 4[0m
  [1m[35mUser Load (0.1ms)[0m  SELECT  "users".* FROM "users" WHERE "users"."id" = ? LIMIT 1  [["id", 1]]
  [1m[36mCACHE (0.0ms)[0m  [1mSELECT  "users".* FROM "users" WHERE "users"."id" = ? LIMIT 1[0m  [["id", 1]]
  [1m[35mCACHE (0.0ms)[0m  SELECT  "users".* FROM "users" WHERE "users"."id" = ? LIMIT 1  [["id", 1]]
  Rendered homes/index.html.erb within layouts/application (9.1ms)
Completed 200 OK in 424ms (Views: 422.4ms | ActiveRecord: 0.4ms)


Started GET "/users/sign_in" for 127.0.0.1 at 2017-05-15 21:50:31 +0200
Processing by Devise::SessionsController#new as HTML
  Rendered devise/shared/_links.html.erb (1.2ms)
  Rendered devise/sessions/new.html.erb within layouts/application (16.8ms)
Completed 200 OK in 381ms (Views: 378.7ms | ActiveRecord: 0.0ms)


Started POST "/users/sign_in" for 127.0.0.1 at 2017-05-15 21:50:36 +0200
Processing by Devise::SessionsController#create as HTML
  Parameters: {"utf8"=>"✓", "authenticity_token"=>"MG4ETPATxRbrX+pTaYugJ51Idf5L3vt1kFUPOBr1tc7Aov4gCcA4Jam5XnO7OVDfliIokbG+Mk9mXxvWp66HSQ==", "user"=>{"email"=>"ali@gmail.com", "password"=>"[FILTERED]", "remember_me"=>"0"}, "commit"=>"Log in"}
  [1m[36mUser Load (0.3ms)[0m  [1mSELECT  "users".* FROM "users" WHERE "users"."email" = ?  ORDER BY "users"."id" ASC LIMIT 1[0m  [["email", "ali@gmail.com"]]
Redirected to http://localhost:3000/
Completed 302 Found in 162ms (ActiveRecord: 0.3ms)


Started GET "/" for 127.0.0.1 at 2017-05-15 21:50:36 +0200
Processing by HomesController#index as HTML
  [1m[35mUser Load (0.1ms)[0m  SELECT  "users".* FROM "users" WHERE "users"."id" = ?  ORDER BY "users"."id" ASC LIMIT 1  [["id", 2]]
  [1m[36mCourse Load (0.1ms)[0m  [1mSELECT  "courses".* FROM "courses" LIMIT 4[0m
  [1m[35mUser Load (0.1ms)[0m  SELECT  "users".* FROM "users" WHERE "users"."id" = ? LIMIT 1  [["id", 1]]
  [1m[36mCACHE (0.0ms)[0m  [1mSELECT  "users".* FROM "users" WHERE "users"."id" = ? LIMIT 1[0m  [["id", 1]]
  [1m[35mCACHE (0.0ms)[0m  SELECT  "users".* FROM "users" WHERE "users"."id" = ? LIMIT 1  [["id", 1]]
  Rendered homes/index.html.erb within layouts/application (3.5ms)
Completed 200 OK in 405ms (Views: 404.0ms | ActiveRecord: 0.3ms)


Started GET "/users/edit" for 127.0.0.1 at 2017-05-15 21:50:39 +0200
Processing by Devise::RegistrationsController#edit as HTML
  [1m[36mUser Load (0.2ms)[0m  [1mSELECT  "users".* FROM "users" WHERE "users"."id" = ?  ORDER BY "users"."id" ASC LIMIT 1[0m  [["id", 2]]
  Rendered devise/registrations/edit.html.erb within layouts/application (5.0ms)
Completed 200 OK in 417ms (Views: 412.0ms | ActiveRecord: 0.2ms)


Started PUT "/users" for 127.0.0.1 at 2017-05-15 21:50:55 +0200
Processing by Devise::RegistrationsController#update as HTML
  Parameters: {"utf8"=>"✓", "authenticity_token"=>"qJs2ae3YHDaNteWWS6DnywRShpsvxI7kdI6yDo6yRaze9vec+R4UqH+5zM9k/ll2kaaiD14TKmdgPErnKtM+8w==", "user"=>{"name"=>"ali", "email"=>"ali@gmail.com", "password"=>"[FILTERED]", "password_confirmation"=>"[FILTERED]", "current_password"=>"[FILTERED]", "image"=>#<ActionDispatch::Http::UploadedFile:0x007fe537dffb78 @tempfile=#<Tempfile:/tmp/RackMultipart20170515-29718-10jsqfi.png>, @original_filename="male.png", @content_type="image/png", @headers="Content-Disposition: form-data; name=\"user[image]\"; filename=\"male.png\"\r\nContent-Type: image/png\r\n">}, "commit"=>"Update"}
  [1m[35mUser Load (0.1ms)[0m  SELECT  "users".* FROM "users" WHERE "users"."id" = ?  ORDER BY "users"."id" ASC LIMIT 1  [["id", 2]]
  [1m[36mUser Load (0.2ms)[0m  [1mSELECT  "users".* FROM "users" WHERE "users"."id" = ? LIMIT 1[0m  [["id", 2]]
  [1m[35m (0.2ms)[0m  begin transaction
  [1m[36mCACHE (0.0ms)[0m  [1mSELECT  "users".* FROM "users" WHERE "users"."id" = ? LIMIT 1[0m  [["id", 2]]
  [1m[35mSQL (0.2ms)[0m  UPDATE "users" SET "image" = ?, "updated_at" = ? WHERE "users"."id" = ?  [["image", "male.png"], ["updated_at", "2017-05-15 19:50:56.029591"], ["id", 2]]
  [1m[36m (90.3ms)[0m  [1mcommit transaction[0m
Redirected to http://localhost:3000/
Completed 302 Found in 254ms (ActiveRecord: 90.9ms)


Started GET "/" for 127.0.0.1 at 2017-05-15 21:50:56 +0200
Processing by HomesController#index as HTML
  [1m[35mUser Load (0.1ms)[0m  SELECT  "users".* FROM "users" WHERE "users"."id" = ?  ORDER BY "users"."id" ASC LIMIT 1  [["id", 2]]
  [1m[36mCourse Load (0.2ms)[0m  [1mSELECT  "courses".* FROM "courses" LIMIT 4[0m
  [1m[35mUser Load (0.1ms)[0m  SELECT  "users".* FROM "users" WHERE "users"."id" = ? LIMIT 1  [["id", 1]]
  [1m[36mCACHE (0.0ms)[0m  [1mSELECT  "users".* FROM "users" WHERE "users"."id" = ? LIMIT 1[0m  [["id", 1]]
  [1m[35mCACHE (0.0ms)[0m  SELECT  "users".* FROM "users" WHERE "users"."id" = ? LIMIT 1  [["id", 1]]
  Rendered homes/index.html.erb within layouts/application (3.9ms)
Completed 200 OK in 414ms (Views: 412.9ms | ActiveRecord: 0.4ms)


Started GET "/courses/1" for 127.0.0.1 at 2017-05-15 21:51:05 +0200
Processing by CoursesController#show as HTML
  Parameters: {"id"=>"1"}
  [1m[36mCourse Load (0.2ms)[0m  [1mSELECT  "courses".* FROM "courses" WHERE "courses"."id" = ? LIMIT 1[0m  [["id", 1]]
  [1m[35mUser Load (0.2ms)[0m  SELECT  "users".* FROM "users" WHERE "users"."id" = ?  ORDER BY "users"."id" ASC LIMIT 1  [["id", 2]]
  [1m[36mLecture Load (0.2ms)[0m  [1mSELECT "lectures".* FROM "lectures" WHERE "lectures"."course_id" = ?[0m  [["course_id", 1]]
  [1m[35m (0.2ms)[0m  SELECT COUNT(*) FROM "votes" WHERE "votes"."votable_id" = ? AND "votes"."votable_type" = ? AND "votes"."vote_flag" = ? AND "votes"."vote_scope" IS NULL  [["votable_id", 1], ["votable_type", "Lecture"], ["vote_flag", "t"]]
  [1m[36m (0.3ms)[0m  [1mSELECT COUNT(*) FROM "votes" WHERE "votes"."votable_id" = ? AND "votes"."votable_type" = ? AND "votes"."vote_flag" = ? AND "votes"."vote_scope" IS NULL[0m  [["votable_id", 1], ["votable_type", "Lecture"], ["vote_flag", "f"]]
  [1m[35m (0.2ms)[0m  SELECT COUNT(*) FROM "comments" WHERE "comments"."lecture_id" = ?  [["lecture_id", 1]]
  [1m[36mCACHE (0.1ms)[0m  [1mSELECT COUNT(*) FROM "comments" WHERE "comments"."lecture_id" = ?[0m  [["lecture_id", 1]]
  [1m[35mCACHE (0.0ms)[0m  SELECT COUNT(*) FROM "comments" WHERE "comments"."lecture_id" = ?  [["lecture_id", 1]]
  [1m[36mComment Load (0.4ms)[0m  [1mSELECT  "comments".* FROM "comments" WHERE "comments"."lecture_id" = ?  ORDER BY "comments"."id" DESC LIMIT 1[0m  [["lecture_id", 1]]
  [1m[35mUser Load (0.2ms)[0m  SELECT  "users".* FROM "users" WHERE "users"."id" = ? LIMIT 1  [["id", 1]]
  [1m[36mCACHE (0.0ms)[0m  [1mSELECT COUNT(*) FROM "comments" WHERE "comments"."lecture_id" = ?[0m  [["lecture_id", 1]]
  [1m[35mCACHE (0.0ms)[0m  SELECT  "comments".* FROM "comments" WHERE "comments"."lecture_id" = ?  ORDER BY "comments"."id" DESC LIMIT 1  [["lecture_id", 1]]
  Rendered courses/show.html.erb within layouts/application (36.0ms)
Completed 200 OK in 410ms (Views: 404.7ms | ActiveRecord: 2.3ms)


Started GET "/lectures/1" for 127.0.0.1 at 2017-05-15 21:51:07 +0200
Processing by LecturesController#show as HTML
  Parameters: {"id"=>"1"}
  [1m[36mUser Load (0.1ms)[0m  [1mSELECT  "users".* FROM "users" WHERE "users"."id" = ?  ORDER BY "users"."id" ASC LIMIT 1[0m  [["id", 2]]
  [1m[35mLecture Load (0.4ms)[0m  SELECT  "lectures".* FROM "lectures" WHERE "lectures"."id" = ? LIMIT 1  [["id", 1]]
  [1m[36mCourse Load (0.1ms)[0m  [1mSELECT  "courses".* FROM "courses" WHERE "courses"."id" = ? LIMIT 1[0m  [["id", 1]]
  [1m[35mUser Load (0.1ms)[0m  SELECT  "users".* FROM "users" WHERE "users"."id" = ? LIMIT 1  [["id", 1]]
  [1m[36m (0.1ms)[0m  [1mSELECT COUNT(*) FROM "votes" WHERE "votes"."votable_id" = ? AND "votes"."votable_type" = ? AND "votes"."vote_flag" = ? AND "votes"."vote_scope" IS NULL[0m  [["votable_id", 1], ["votable_type", "Lecture"], ["vote_flag", "t"]]
  [1m[35m (0.1ms)[0m  SELECT COUNT(*) FROM "votes" WHERE "votes"."votable_id" = ? AND "votes"."votable_type" = ? AND "votes"."vote_flag" = ? AND "votes"."vote_scope" IS NULL  [["votable_id", 1], ["votable_type", "Lecture"], ["vote_flag", "f"]]
  [1m[36m (0.2ms)[0m  [1mSELECT COUNT(*) FROM "votes" WHERE "votes"."voter_id" = ? AND "votes"."voter_type" = ? AND "votes"."votable_id" = ? AND "votes"."votable_type" = ? AND "votes"."vote_scope" = ?[0m  [["voter_id", 2], ["voter_type", "User"], ["votable_id", 1], ["votable_type", "Lecture"], ["vote_scope", "spam"]]
  [1m[35mComment Load (0.2ms)[0m  SELECT "comments".* FROM "comments" WHERE "comments"."lecture_id" = ?  [["lecture_id", 1]]
  [1m[36mCACHE (0.0ms)[0m  [1mSELECT  "users".* FROM "users" WHERE "users"."id" = ? LIMIT 1[0m  [["id", 1]]
  Rendered lectures/_comment.html.erb (1.1ms)
  Rendered lectures/show.html.erb within layouts/application (15.9ms)
Completed 200 OK in 376ms (Views: 370.5ms | ActiveRecord: 1.3ms)


Started GET "/" for 127.0.0.1 at 2017-05-15 21:51:53 +0200
Processing by HomesController#index as HTML
  [1m[35mUser Load (0.2ms)[0m  SELECT  "users".* FROM "users" WHERE "users"."id" = ?  ORDER BY "users"."id" ASC LIMIT 1  [["id", 2]]
  [1m[36mCourse Load (0.3ms)[0m  [1mSELECT  "courses".* FROM "courses" LIMIT 4[0m
  [1m[35mUser Load (0.1ms)[0m  SELECT  "users".* FROM "users" WHERE "users"."id" = ? LIMIT 1  [["id", 1]]
  [1m[36mCACHE (0.0ms)[0m  [1mSELECT  "users".* FROM "users" WHERE "users"."id" = ? LIMIT 1[0m  [["id", 1]]
  [1m[35mCACHE (0.0ms)[0m  SELECT  "users".* FROM "users" WHERE "users"."id" = ? LIMIT 1  [["id", 1]]
  Rendered homes/index.html.erb within layouts/application (13.5ms)
Completed 200 OK in 425ms (Views: 422.2ms | ActiveRecord: 0.6ms)


Started GET "/" for 127.0.0.1 at 2017-05-15 21:51:56 +0200
Processing by HomesController#index as HTML
  [1m[36mUser Load (0.2ms)[0m  [1mSELECT  "users".* FROM "users" WHERE "users"."id" = ?  ORDER BY "users"."id" ASC LIMIT 1[0m  [["id", 2]]
  [1m[35mCourse Load (0.3ms)[0m  SELECT  "courses".* FROM "courses" LIMIT 4
  [1m[36mUser Load (0.2ms)[0m  [1mSELECT  "users".* FROM "users" WHERE "users"."id" = ? LIMIT 1[0m  [["id", 1]]
  [1m[35mCACHE (0.0ms)[0m  SELECT  "users".* FROM "users" WHERE "users"."id" = ? LIMIT 1  [["id", 1]]
  [1m[36mCACHE (0.0ms)[0m  [1mSELECT  "users".* FROM "users" WHERE "users"."id" = ? LIMIT 1[0m  [["id", 1]]
  Rendered homes/index.html.erb within layouts/application (8.7ms)
Completed 200 OK in 421ms (Views: 419.5ms | ActiveRecord: 0.8ms)


Started GET "/courses" for 127.0.0.1 at 2017-05-15 21:51:58 +0200
Processing by CoursesController#index as HTML
  [1m[35mCourse Load (0.3ms)[0m  SELECT  "courses".* FROM "courses" LIMIT 8 OFFSET 0
  [1m[36mUser Load (0.1ms)[0m  [1mSELECT  "users".* FROM "users" WHERE "users"."id" = ? LIMIT 1[0m  [["id", 1]]
  [1m[35mCACHE (0.0ms)[0m  SELECT  "users".* FROM "users" WHERE "users"."id" = ? LIMIT 1  [["id", 1]]
  [1m[36mCACHE (0.0ms)[0m  [1mSELECT  "users".* FROM "users" WHERE "users"."id" = ? LIMIT 1[0m  [["id", 1]]
  [1m[35mCACHE (0.0ms)[0m  SELECT  "users".* FROM "users" WHERE "users"."id" = ? LIMIT 1  [["id", 1]]
  Rendered courses/index.html.erb within layouts/application (9.3ms)
  [1m[36mUser Load (0.1ms)[0m  [1mSELECT  "users".* FROM "users" WHERE "users"."id" = ?  ORDER BY "users"."id" ASC LIMIT 1[0m  [["id", 2]]
Completed 200 OK in 389ms (Views: 387.0ms | ActiveRecord: 0.6ms)


Started GET "/" for 127.0.0.1 at 2017-05-15 21:52:02 +0200
Processing by HomesController#index as HTML
  [1m[35mUser Load (0.2ms)[0m  SELECT  "users".* FROM "users" WHERE "users"."id" = ?  ORDER BY "users"."id" ASC LIMIT 1  [["id", 2]]
  [1m[36mCourse Load (0.3ms)[0m  [1mSELECT  "courses".* FROM "courses" LIMIT 4[0m
  [1m[35mUser Load (0.2ms)[0m  SELECT  "users".* FROM "users" WHERE "users"."id" = ? LIMIT 1  [["id", 1]]
  [1m[36mCACHE (0.0ms)[0m  [1mSELECT  "users".* FROM "users" WHERE "users"."id" = ? LIMIT 1[0m  [["id", 1]]
  [1m[35mCACHE (0.0ms)[0m  SELECT  "users".* FROM "users" WHERE "users"."id" = ? LIMIT 1  [["id", 1]]
  Rendered homes/index.html.erb within layouts/application (9.4ms)
Completed 200 OK in 475ms (Views: 473.2ms | ActiveRecord: 0.7ms)
